<?xml version="1.0" encoding="UTF-8"?>
<!-- Generated by org.testng.reporters.JUnitReportReporter -->
<testsuite skipped="0" hostname="ip-172-31-22-111" name="restApi.PostRequestwithMap" tests="1" failures="0" timestamp="28 May 2022 06:58:57 GMT" time="1.945" errors="0">
  <testcase name="test1" time="1.945" classname="restApi.PostRequestwithMap"/>
</testsuite> <!-- restApi.PostRequestwithMap -->
