<?xml version="1.0" encoding="UTF-8"?>
<!-- Generated by org.testng.reporters.JUnitReportReporter -->
<testsuite skipped="0" hostname="ip-172-31-22-111" name="restBDD.GetRequestBDD" tests="2" failures="0" timestamp="04 Jun 2022 04:47:41 GMT" time="1.964" errors="0">
  <testcase name="test2" time="0.781" classname="restBDD.GetRequestBDD"/>
  <testcase name="test1" time="1.183" classname="restBDD.GetRequestBDD"/>
</testsuite> <!-- restBDD.GetRequestBDD -->
