<?xml version="1.0" encoding="UTF-8"?>
<!-- Generated by org.testng.reporters.JUnitReportReporter -->
<testsuite skipped="0" hostname="ip-172-31-22-111" name="restApi.PutRequest" tests="1" failures="0" timestamp="29 May 2022 03:55:24 GMT" time="2.085" errors="0">
  <testcase name="test1" time="2.085" classname="restApi.PutRequest"/>
</testsuite> <!-- restApi.PutRequest -->
