<?xml version="1.0" encoding="UTF-8"?>
<!-- Generated by org.testng.reporters.JUnitReportReporter -->
<testsuite skipped="0" hostname="ip-172-31-22-111" name="ApiChaining.EndToEndTest" tests="1" failures="0" timestamp="04 Jun 2022 03:36:10 GMT" time="2.146" errors="0">
  <testcase name="test1" time="2.146" classname="ApiChaining.EndToEndTest"/>
</testsuite> <!-- ApiChaining.EndToEndTest -->
