<?xml version="1.0" encoding="UTF-8"?>
<!-- Generated by org.testng.reporters.JUnitReportReporter -->
<testsuite skipped="0" hostname="ip-172-31-22-111" name="restApi.GetRequest" tests="1" failures="0" timestamp="29 May 2022 04:56:33 GMT" time="1.291" errors="0">
  <testcase name="test1" time="1.291" classname="restApi.GetRequest"/>
</testsuite> <!-- restApi.GetRequest -->
