<?xml version="1.0" encoding="UTF-8"?>
<!-- Generated by org.testng.reporters.JUnitReportReporter -->
<testsuite skipped="0" hostname="ip-172-31-22-111" name="restApi.PostRequestWithFile" tests="1" failures="0" timestamp="28 May 2022 07:45:16 GMT" time="1.668" errors="0">
  <testcase name="test1" time="1.668" classname="restApi.PostRequestWithFile"/>
</testsuite> <!-- restApi.PostRequestWithFile -->
